{
  "case": "should_have_matching_test_count_between_index_and_summary",
  "status": "fail",
  "duration": 6,
  "location": "/srv/repos0/mkolbol/tests/laminar/coreReporter.spec.ts:0",
  "error": "expected 1 to be greater than or equal to 243",
  "summary": {
    "totalEvents": 4,
    "includedEvents": 2,
    "redactedFields": 0,
    "budgetUsed": 1981,
    "budgetLimit": 10240
  },
  "suspects": [
    {
      "ts": 1760295620994,
      "lvl": "error",
      "case": "should have matching test count between index and summary",
      "phase": "teardown",
      "evt": "case.end",
      "payload": {
        "duration": 6,
        "status": "failed"
      },
      "score": 80,
      "reasons": [
        "error level",
        "close proximity to failure"
      ]
    },
    {
      "ts": 1760295620993,
      "lvl": "error",
      "case": "should have matching test count between index and summary",
      "phase": "execution",
      "evt": "test.error",
      "payload": {
        "message": "expected 1 to be greater than or equal to 243",
        "stack": "AssertionError: expected 1 to be greater than or equal to 243\n    at /srv/repos0/mkolbol/tests/laminar/coreReporter.spec.ts:240:35\n    at file:///srv/repos0/mkolbol/node_modules/@vitest/runner/dist/index.js:135:14\n    at file:///srv/repos0/mkolbol/node_modules/@vitest/runner/dist/index.js:60:26\n    at runTest (file:///srv/repos0/mkolbol/node_modules/@vitest/runner/dist/index.js:781:17)\n    at runSuite (file:///srv/repos0/mkolbol/node_modules/@vitest/runner/dist/index.js:909:15)\n    at runSuite (file:///srv/repos0/mkolbol/node_modules/@vitest/runner/dist/index.js:909:15)\n    at runSuite (file:///srv/repos0/mkolbol/node_modules/@vitest/runner/dist/index.js:909:15)\n    at runFiles (file:///srv/repos0/mkolbol/node_modules/@vitest/runner/dist/index.js:958:5)\n    at startTests (file:///srv/repos0/mkolbol/node_modules/@vitest/runner/dist/index.js:967:3)\n    at file:///srv/repos0/mkolbol/node_modules/vitest/dist/chunks/runtime-runBaseTests.oAvMKtQC.js:116:7"
      },
      "score": 79.99,
      "reasons": [
        "error level",
        "close proximity to failure"
      ]
    },
    {
      "ts": 1760295620992,
      "lvl": "info",
      "case": "should have matching test count between index and summary",
      "phase": "execution",
      "evt": "test.run",
      "score": 29.98,
      "reasons": [
        "close proximity to failure"
      ]
    },
    {
      "ts": 1760295620991,
      "lvl": "info",
      "case": "should have matching test count between index and summary",
      "phase": "setup",
      "evt": "case.begin",
      "env": {
        "nodeVersion": "v24.9.0",
        "platform": "linux",
        "arch": "x64",
        "os": "Linux 6.8.0-85-generic",
        "seed": 42,
        "envVars": {
          "NODE_ENV": "test",
          "TEST_SEED": "42",
          "LAMINAR_DEBUG": "1",
          "LAMINAR_SUITE": "coreReporter.spec",
          "LAMINAR_CASE": "should_have_matching_test_count_between_index_and_summary"
        }
      },
      "seed": 42,
      "score": 29.97,
      "reasons": [
        "close proximity to failure"
      ]
    }
  ],
  "codeframes": [
    {
      "file": "/srv/repos0/mkolbol/tests/laminar/coreReporter.spec.ts",
      "line": 240,
      "column": 35,
      "source": [
        "      const summaryContent = fs.readFileSync(SUMMARY_PATH, 'utf-8');",
        "      const summaryLines = summaryContent.trim().split('\\n');",
        "      expect(summaryLines.length).toBeGreaterThanOrEqual(indexData.totalTests);",
        "    });",
        ""
      ],
      "context": {
        "before": [
          "      const summaryContent = fs.readFileSync(SUMMARY_PATH, 'utf-8');",
          "      const summaryLines = summaryContent.trim().split('\\n');"
        ],
        "focus": "      expect(summaryLines.length).toBeGreaterThanOrEqual(indexData.totalTests);",
        "after": [
          "    });",
          ""
        ]
      }
    }
  ],
  "events": [
    {
      "ts": 1760295620993,
      "lvl": "error",
      "case": "should have matching test count between index and summary",
      "phase": "execution",
      "evt": "test.error",
      "payload": {
        "message": "expected 1 to be greater than or equal to 243",
        "stack": "AssertionError: expected 1 to be greater than or equal to 243\n    at /srv/repos0/mkolbol/tests/laminar/coreReporter.spec.ts:240:35\n    at file:///srv/repos0/mkolbol/node_modules/@vitest/runner/dist/index.js:135:14\n    at file:///srv/repos0/mkolbol/node_modules/@vitest/runner/dist/index.js:60:26\n    at runTest (file:///srv/repos0/mkolbol/node_modules/@vitest/runner/dist/index.js:781:17)\n    at runSuite (file:///srv/repos0/mkolbol/node_modules/@vitest/runner/dist/index.js:909:15)\n    at runSuite (file:///srv/repos0/mkolbol/node_modules/@vitest/runner/dist/index.js:909:15)\n    at runSuite (file:///srv/repos0/mkolbol/node_modules/@vitest/runner/dist/index.js:909:15)\n    at runFiles (file:///srv/repos0/mkolbol/node_modules/@vitest/runner/dist/index.js:958:5)\n    at startTests (file:///srv/repos0/mkolbol/node_modules/@vitest/runner/dist/index.js:967:3)\n    at file:///srv/repos0/mkolbol/node_modules/vitest/dist/chunks/runtime-runBaseTests.oAvMKtQC.js:116:7"
      }
    },
    {
      "ts": 1760295620994,
      "lvl": "error",
      "case": "should have matching test count between index and summary",
      "phase": "teardown",
      "evt": "case.end",
      "payload": {
        "duration": 6,
        "status": "failed"
      }
    }
  ]
}